Γû▓ Next.js 16.1.6 (Turbopack)
- Environments: .env.local
- Experiments (use with caution):
  ┬╖ urlImports

ΓÜá The "middleware" file convention is deprecated. Please use "proxy" instead. Learn more: https://nextjs.org/docs/messages/middleware-to-proxy
  Creating an optimized production build ...
Γ¿» You are using configuration and/or tools that are not yet
supported by Next.js with Turbopack:


- Unsupported Next.js configuration option(s) (next.config.js)
  Turbopack will ignore the following configuration options:
    - experimental.urlImports


ΓÜá Learn more about how to configure Turbopack with Next.js:
https://nextjs.org/docs/app/api-reference/config/next-config-js/turbopack
Γ£ô Compiled successfully in 10.7s
  Running TypeScript ...
Failed to compile.

./src/components/framer/FramerComponents.tsx:21:18
Type error: Cannot find module 'https://framer.com/m/TypewriterEffect-BJ1p.js@1AITomapiVi0hbIN3aB3' or its corresponding type declarations.

  19 |
  20 | export const TypewriterEffect = dynamic<TypewriterEffectProps>(
> 21 |     () => import('https://framer.com/m/TypewriterEffect-BJ1p.js@1AITomapiVi0hbIN3aB3'),
     |                  ^
  22 |     { ssr: false, loading: LoadingPlaceholder }
  23 | );
  24 |
Next.js build worker exited with code: 1 and signal: null
